<?xml version="1.0" encoding="UTF-8"?>
<testsuite xmlns:xsi="http://www.w3.org/2001/XMLSchema-instance" xsi:noNamespaceSchemaLocation="https://maven.apache.org/surefire/maven-surefire-plugin/xsd/surefire-test-report.xsd" name="com.max.back.BackApplicationTests" time="7.994" tests="1" errors="0" skipped="0" failures="0">
  <properties>
    <property name="sun.desktop" value="windows"/>
    <property name="awt.toolkit" value="sun.awt.windows.WToolkit"/>
    <property name="file.encoding.pkg" value="sun.io"/>
    <property name="java.specification.version" value="1.8"/>
    <property name="sun.cpu.isalist" value="amd64"/>
    <property name="sun.jnu.encoding" value="GBK"/>
    <property name="java.class.path" value="E:\我的桌面\donruan\neusoft-java\springbootapi\springbootapi\target\test-classes;E:\我的桌面\donruan\neusoft-java\springbootapi\springbootapi\target\classes;F:\Maven\repository\com\baomidou\mybatis-plus-generator\3.2.0\mybatis-plus-generator-3.2.0.jar;F:\Maven\repository\com\baomidou\mybatis-plus-extension\3.2.0\mybatis-plus-extension-3.2.0.jar;F:\Maven\repository\com\baomidou\mybatis-plus-core\3.2.0\mybatis-plus-core-3.2.0.jar;F:\Maven\repository\com\baomidou\mybatis-plus-annotation\3.2.0\mybatis-plus-annotation-3.2.0.jar;F:\Maven\repository\org\mybatis\mybatis-spring\2.0.2\mybatis-spring-2.0.2.jar;F:\Maven\repository\com\google\zxing\core\3.3.3\core-3.3.3.jar;F:\Maven\repository\com\google\zxing\javase\3.3.0\javase-3.3.0.jar;F:\Maven\repository\com\beust\jcommander\1.48\jcommander-1.48.jar;F:\Maven\repository\com\github\jai-imageio\jai-imageio-core\1.3.1\jai-imageio-core-1.3.1.jar;F:\Maven\repository\com\alibaba\fastjson\2.0.4\fastjson-2.0.4.jar;F:\Maven\repository\com\alibaba\fastjson2\fastjson2-extension\2.0.4\fastjson2-extension-2.0.4.jar;F:\Maven\repository\com\alibaba\fastjson2\fastjson2\2.0.4\fastjson2-2.0.4.jar;F:\Maven\repository\org\json\json\20220320\json-20220320.jar;F:\Maven\repository\org\springframework\boot\spring-boot-starter-data-jdbc\2.1.8.RELEASE\spring-boot-starter-data-jdbc-2.1.8.RELEASE.jar;F:\Maven\repository\org\springframework\boot\spring-boot-starter-jdbc\2.1.8.RELEASE\spring-boot-starter-jdbc-2.1.8.RELEASE.jar;F:\Maven\repository\com\zaxxer\HikariCP\3.2.0\HikariCP-3.2.0.jar;F:\Maven\repository\org\springframework\spring-jdbc\5.1.9.RELEASE\spring-jdbc-5.1.9.RELEASE.jar;F:\Maven\repository\org\springframework\data\spring-data-jdbc\1.0.10.RELEASE\spring-data-jdbc-1.0.10.RELEASE.jar;F:\Maven\repository\org\springframework\data\spring-data-commons\2.1.10.RELEASE\spring-data-commons-2.1.10.RELEASE.jar;F:\Maven\repository\org\springframework\spring-tx\5.1.9.RELEASE\spring-tx-5.1.9.RELEASE.jar;F:\Maven\repository\org\springframework\spring-context\5.1.9.RELEASE\spring-context-5.1.9.RELEASE.jar;F:\Maven\repository\org\springframework\spring-beans\5.1.9.RELEASE\spring-beans-5.1.9.RELEASE.jar;F:\Maven\repository\org\springframework\boot\spring-boot-starter-mail\2.1.8.RELEASE\spring-boot-starter-mail-2.1.8.RELEASE.jar;F:\Maven\repository\org\springframework\boot\spring-boot-starter\2.1.8.RELEASE\spring-boot-starter-2.1.8.RELEASE.jar;F:\Maven\repository\org\springframework\boot\spring-boot-starter-logging\2.1.8.RELEASE\spring-boot-starter-logging-2.1.8.RELEASE.jar;F:\Maven\repository\ch\qos\logback\logback-classic\1.2.3\logback-classic-1.2.3.jar;F:\Maven\repository\ch\qos\logback\logback-core\1.2.3\logback-core-1.2.3.jar;F:\Maven\repository\org\apache\logging\log4j\log4j-to-slf4j\2.11.2\log4j-to-slf4j-2.11.2.jar;F:\Maven\repository\org\apache\logging\log4j\log4j-api\2.11.2\log4j-api-2.11.2.jar;F:\Maven\repository\org\slf4j\jul-to-slf4j\1.7.28\jul-to-slf4j-1.7.28.jar;F:\Maven\repository\javax\annotation\javax.annotation-api\1.3.2\javax.annotation-api-1.3.2.jar;F:\Maven\repository\org\yaml\snakeyaml\1.23\snakeyaml-1.23.jar;F:\Maven\repository\org\springframework\spring-context-support\5.1.9.RELEASE\spring-context-support-5.1.9.RELEASE.jar;F:\Maven\repository\com\sun\mail\javax.mail\1.6.2\javax.mail-1.6.2.jar;F:\Maven\repository\javax\activation\activation\1.1\activation-1.1.jar;F:\Maven\repository\org\springframework\boot\spring-boot-starter-web\2.1.8.RELEASE\spring-boot-starter-web-2.1.8.RELEASE.jar;F:\Maven\repository\org\springframework\boot\spring-boot-starter-json\2.1.8.RELEASE\spring-boot-starter-json-2.1.8.RELEASE.jar;F:\Maven\repository\com\fasterxml\jackson\core\jackson-databind\2.9.9.3\jackson-databind-2.9.9.3.jar;F:\Maven\repository\com\fasterxml\jackson\core\jackson-core\2.9.9\jackson-core-2.9.9.jar;F:\Maven\repository\com\fasterxml\jackson\datatype\jackson-datatype-jdk8\2.9.9\jackson-datatype-jdk8-2.9.9.jar;F:\Maven\repository\com\fasterxml\jackson\datatype\jackson-datatype-jsr310\2.9.9\jackson-datatype-jsr310-2.9.9.jar;F:\Maven\repository\com\fasterxml\jackson\module\jackson-module-parameter-names\2.9.9\jackson-module-parameter-names-2.9.9.jar;F:\Maven\repository\org\springframework\boot\spring-boot-starter-tomcat\2.1.8.RELEASE\spring-boot-starter-tomcat-2.1.8.RELEASE.jar;F:\Maven\repository\org\apache\tomcat\embed\tomcat-embed-core\9.0.24\tomcat-embed-core-9.0.24.jar;F:\Maven\repository\org\apache\tomcat\embed\tomcat-embed-el\9.0.24\tomcat-embed-el-9.0.24.jar;F:\Maven\repository\org\apache\tomcat\embed\tomcat-embed-websocket\9.0.24\tomcat-embed-websocket-9.0.24.jar;F:\Maven\repository\org\hibernate\validator\hibernate-validator\6.0.17.Final\hibernate-validator-6.0.17.Final.jar;F:\Maven\repository\javax\validation\validation-api\2.0.1.Final\validation-api-2.0.1.Final.jar;F:\Maven\repository\org\jboss\logging\jboss-logging\3.3.3.Final\jboss-logging-3.3.3.Final.jar;F:\Maven\repository\org\springframework\spring-web\5.1.9.RELEASE\spring-web-5.1.9.RELEASE.jar;F:\Maven\repository\org\springframework\spring-webmvc\5.1.9.RELEASE\spring-webmvc-5.1.9.RELEASE.jar;F:\Maven\repository\org\springframework\spring-expression\5.1.9.RELEASE\spring-expression-5.1.9.RELEASE.jar;F:\Maven\repository\com\baomidou\mybatis-plus-boot-starter\3.2.0\mybatis-plus-boot-starter-3.2.0.jar;F:\Maven\repository\com\baomidou\mybatis-plus\3.2.0\mybatis-plus-3.2.0.jar;F:\Maven\repository\org\springframework\boot\spring-boot-autoconfigure\2.1.8.RELEASE\spring-boot-autoconfigure-2.1.8.RELEASE.jar;F:\Maven\repository\org\springframework\boot\spring-boot-starter-aop\2.1.8.RELEASE\spring-boot-starter-aop-2.1.8.RELEASE.jar;F:\Maven\repository\org\springframework\spring-aop\5.1.9.RELEASE\spring-aop-5.1.9.RELEASE.jar;F:\Maven\repository\org\aspectj\aspectjweaver\1.9.4\aspectjweaver-1.9.4.jar;F:\Maven\repository\org\springframework\boot\spring-boot-starter-data-redis\2.1.8.RELEASE\spring-boot-starter-data-redis-2.1.8.RELEASE.jar;F:\Maven\repository\org\springframework\data\spring-data-redis\2.1.10.RELEASE\spring-data-redis-2.1.10.RELEASE.jar;F:\Maven\repository\org\springframework\data\spring-data-keyvalue\2.1.10.RELEASE\spring-data-keyvalue-2.1.10.RELEASE.jar;F:\Maven\repository\org\springframework\spring-oxm\5.1.9.RELEASE\spring-oxm-5.1.9.RELEASE.jar;F:\Maven\repository\io\lettuce\lettuce-core\5.1.8.RELEASE\lettuce-core-5.1.8.RELEASE.jar;F:\Maven\repository\io\netty\netty-common\4.1.39.Final\netty-common-4.1.39.Final.jar;F:\Maven\repository\io\netty\netty-handler\4.1.39.Final\netty-handler-4.1.39.Final.jar;F:\Maven\repository\io\netty\netty-buffer\4.1.39.Final\netty-buffer-4.1.39.Final.jar;F:\Maven\repository\io\netty\netty-codec\4.1.39.Final\netty-codec-4.1.39.Final.jar;F:\Maven\repository\io\netty\netty-transport\4.1.39.Final\netty-transport-4.1.39.Final.jar;F:\Maven\repository\io\netty\netty-resolver\4.1.39.Final\netty-resolver-4.1.39.Final.jar;F:\Maven\repository\io\projectreactor\reactor-core\3.2.12.RELEASE\reactor-core-3.2.12.RELEASE.jar;F:\Maven\repository\org\reactivestreams\reactive-streams\1.0.3\reactive-streams-1.0.3.jar;F:\Maven\repository\org\springframework\boot\spring-boot-devtools\2.1.8.RELEASE\spring-boot-devtools-2.1.8.RELEASE.jar;F:\Maven\repository\org\springframework\boot\spring-boot\2.1.8.RELEASE\spring-boot-2.1.8.RELEASE.jar;F:\Maven\repository\mysql\mysql-connector-java\8.0.17\mysql-connector-java-8.0.17.jar;F:\Maven\repository\org\projectlombok\lombok\1.18.8\lombok-1.18.8.jar;F:\Maven\repository\org\springframework\boot\spring-boot-starter-test\2.1.8.RELEASE\spring-boot-starter-test-2.1.8.RELEASE.jar;F:\Maven\repository\org\springframework\boot\spring-boot-test\2.1.8.RELEASE\spring-boot-test-2.1.8.RELEASE.jar;F:\Maven\repository\org\springframework\boot\spring-boot-test-autoconfigure\2.1.8.RELEASE\spring-boot-test-autoconfigure-2.1.8.RELEASE.jar;F:\Maven\repository\com\jayway\jsonpath\json-path\2.4.0\json-path-2.4.0.jar;F:\Maven\repository\net\minidev\json-smart\2.3\json-smart-2.3.jar;F:\Maven\repository\net\minidev\accessors-smart\1.2\accessors-smart-1.2.jar;F:\Maven\repository\org\ow2\asm\asm\5.0.4\asm-5.0.4.jar;F:\Maven\repository\junit\junit\4.12\junit-4.12.jar;F:\Maven\repository\org\assertj\assertj-core\3.11.1\assertj-core-3.11.1.jar;F:\Maven\repository\org\mockito\mockito-core\2.23.4\mockito-core-2.23.4.jar;F:\Maven\repository\net\bytebuddy\byte-buddy\1.9.16\byte-buddy-1.9.16.jar;F:\Maven\repository\net\bytebuddy\byte-buddy-agent\1.9.16\byte-buddy-agent-1.9.16.jar;F:\Maven\repository\org\objenesis\objenesis\2.6\objenesis-2.6.jar;F:\Maven\repository\org\hamcrest\hamcrest-core\1.3\hamcrest-core-1.3.jar;F:\Maven\repository\org\hamcrest\hamcrest-library\1.3\hamcrest-library-1.3.jar;F:\Maven\repository\org\skyscreamer\jsonassert\1.5.0\jsonassert-1.5.0.jar;F:\Maven\repository\com\vaadin\external\google\android-json\0.0.20131108.vaadin1\android-json-0.0.20131108.vaadin1.jar;F:\Maven\repository\org\springframework\spring-core\5.1.9.RELEASE\spring-core-5.1.9.RELEASE.jar;F:\Maven\repository\org\springframework\spring-jcl\5.1.9.RELEASE\spring-jcl-5.1.9.RELEASE.jar;F:\Maven\repository\org\springframework\spring-test\5.1.9.RELEASE\spring-test-5.1.9.RELEASE.jar;F:\Maven\repository\org\xmlunit\xmlunit-core\2.6.3\xmlunit-core-2.6.3.jar;F:\Maven\repository\com\github\pagehelper\pagehelper-spring-boot-starter\1.2.12\pagehelper-spring-boot-starter-1.2.12.jar;F:\Maven\repository\org\mybatis\spring\boot\mybatis-spring-boot-starter\2.0.1\mybatis-spring-boot-starter-2.0.1.jar;F:\Maven\repository\org\mybatis\spring\boot\mybatis-spring-boot-autoconfigure\2.0.1\mybatis-spring-boot-autoconfigure-2.0.1.jar;F:\Maven\repository\org\mybatis\mybatis\3.5.1\mybatis-3.5.1.jar;F:\Maven\repository\com\github\pagehelper\pagehelper-spring-boot-autoconfigure\1.2.12\pagehelper-spring-boot-autoconfigure-1.2.12.jar;F:\Maven\repository\com\github\pagehelper\pagehelper\5.1.10\pagehelper-5.1.10.jar;F:\Maven\repository\com\github\jsqlparser\jsqlparser\2.0\jsqlparser-2.0.jar;F:\Maven\repository\org\apache\commons\commons-lang3\3.8.1\commons-lang3-3.8.1.jar;F:\Maven\repository\org\apache\poi\poi\4.0.1\poi-4.0.1.jar;F:\Maven\repository\commons-codec\commons-codec\1.11\commons-codec-1.11.jar;F:\Maven\repository\org\apache\commons\commons-collections4\4.2\commons-collections4-4.2.jar;F:\Maven\repository\org\apache\commons\commons-math3\3.6.1\commons-math3-3.6.1.jar;F:\Maven\repository\org\apache\poi\poi-ooxml\4.0.1\poi-ooxml-4.0.1.jar;F:\Maven\repository\org\apache\commons\commons-compress\1.18\commons-compress-1.18.jar;F:\Maven\repository\com\github\virtuald\curvesapi\1.05\curvesapi-1.05.jar;F:\Maven\repository\org\apache\poi\poi-ooxml-schemas\4.0.1\poi-ooxml-schemas-4.0.1.jar;F:\Maven\repository\org\apache\xmlbeans\xmlbeans\3.0.2\xmlbeans-3.0.2.jar;C:\Program Files\JAVA\jdk1.8.0_311\lib\tools.jar;F:\Maven\repository\cn\hutool\hutool-core\5.8.4.M1\hutool-core-5.8.4.M1.jar;F:\Maven\repository\org\apache\velocity\velocity-engine-core\2.1\velocity-engine-core-2.1.jar;F:\Maven\repository\org\slf4j\slf4j-api\1.7.28\slf4j-api-1.7.28.jar;F:\Maven\repository\org\apache\commons\commons-pool2\2.6.2\commons-pool2-2.6.2.jar;F:\Maven\repository\org\springframework\boot\spring-boot-starter-cache\2.1.8.RELEASE\spring-boot-starter-cache-2.1.8.RELEASE.jar;F:\Maven\repository\cn\hutool\hutool-all\5.8.2\hutool-all-5.8.2.jar;F:\Maven\repository\io\springfox\springfox-swagger-ui\2.8.0\springfox-swagger-ui-2.8.0.jar;F:\Maven\repository\io\springfox\springfox-spring-web\2.8.0\springfox-spring-web-2.8.0.jar;F:\Maven\repository\org\reflections\reflections\0.9.11\reflections-0.9.11.jar;F:\Maven\repository\org\javassist\javassist\3.21.0-GA\javassist-3.21.0-GA.jar;F:\Maven\repository\io\springfox\springfox-swagger2\2.8.0\springfox-swagger2-2.8.0.jar;F:\Maven\repository\io\swagger\swagger-annotations\1.5.14\swagger-annotations-1.5.14.jar;F:\Maven\repository\io\swagger\swagger-models\1.5.14\swagger-models-1.5.14.jar;F:\Maven\repository\com\fasterxml\jackson\core\jackson-annotations\2.9.0\jackson-annotations-2.9.0.jar;F:\Maven\repository\io\springfox\springfox-spi\2.8.0\springfox-spi-2.8.0.jar;F:\Maven\repository\io\springfox\springfox-core\2.8.0\springfox-core-2.8.0.jar;F:\Maven\repository\io\springfox\springfox-schema\2.8.0\springfox-schema-2.8.0.jar;F:\Maven\repository\io\springfox\springfox-swagger-common\2.8.0\springfox-swagger-common-2.8.0.jar;F:\Maven\repository\com\google\guava\guava\20.0\guava-20.0.jar;F:\Maven\repository\com\fasterxml\classmate\1.4.0\classmate-1.4.0.jar;F:\Maven\repository\org\springframework\plugin\spring-plugin-core\1.2.0.RELEASE\spring-plugin-core-1.2.0.RELEASE.jar;F:\Maven\repository\org\springframework\plugin\spring-plugin-metadata\1.2.0.RELEASE\spring-plugin-metadata-1.2.0.RELEASE.jar;F:\Maven\repository\org\mapstruct\mapstruct\1.2.0.Final\mapstruct-1.2.0.Final.jar;F:\Maven\repository\javax\xml\bind\jaxb-api\2.3.0\jaxb-api-2.3.0.jar;"/>
    <property name="java.vm.vendor" value="Oracle Corporation"/>
    <property name="sun.arch.data.model" value="64"/>
    <property name="user.variant" value=""/>
    <property name="java.vendor.url" value="http://java.oracle.com/"/>
    <property name="user.timezone" value="Asia/Shanghai"/>
    <property name="java.vm.specification.version" value="1.8"/>
    <property name="os.name" value="Windows 10"/>
    <property name="user.country" value="CN"/>
    <property name="sun.java.launcher" value="SUN_STANDARD"/>
    <property name="sun.boot.library.path" value="C:\Program Files\JAVA\jdk1.8.0_311\jre\bin"/>
    <property name="sun.java.command" value="C:\Users\86155\AppData\Local\Temp\surefire1505511689650365787\surefirebooter3903101296894298503.jar C:\Users\86155\AppData\Local\Temp\surefire1505511689650365787 2022-07-23T16-09-06_195-jvmRun1 surefire8699854157761116481tmp surefire_08130850346843607250tmp"/>
    <property name="surefire.test.class.path" value="E:\我的桌面\donruan\neusoft-java\springbootapi\springbootapi\target\test-classes;E:\我的桌面\donruan\neusoft-java\springbootapi\springbootapi\target\classes;F:\Maven\repository\com\baomidou\mybatis-plus-generator\3.2.0\mybatis-plus-generator-3.2.0.jar;F:\Maven\repository\com\baomidou\mybatis-plus-extension\3.2.0\mybatis-plus-extension-3.2.0.jar;F:\Maven\repository\com\baomidou\mybatis-plus-core\3.2.0\mybatis-plus-core-3.2.0.jar;F:\Maven\repository\com\baomidou\mybatis-plus-annotation\3.2.0\mybatis-plus-annotation-3.2.0.jar;F:\Maven\repository\org\mybatis\mybatis-spring\2.0.2\mybatis-spring-2.0.2.jar;F:\Maven\repository\com\google\zxing\core\3.3.3\core-3.3.3.jar;F:\Maven\repository\com\google\zxing\javase\3.3.0\javase-3.3.0.jar;F:\Maven\repository\com\beust\jcommander\1.48\jcommander-1.48.jar;F:\Maven\repository\com\github\jai-imageio\jai-imageio-core\1.3.1\jai-imageio-core-1.3.1.jar;F:\Maven\repository\com\alibaba\fastjson\2.0.4\fastjson-2.0.4.jar;F:\Maven\repository\com\alibaba\fastjson2\fastjson2-extension\2.0.4\fastjson2-extension-2.0.4.jar;F:\Maven\repository\com\alibaba\fastjson2\fastjson2\2.0.4\fastjson2-2.0.4.jar;F:\Maven\repository\org\json\json\20220320\json-20220320.jar;F:\Maven\repository\org\springframework\boot\spring-boot-starter-data-jdbc\2.1.8.RELEASE\spring-boot-starter-data-jdbc-2.1.8.RELEASE.jar;F:\Maven\repository\org\springframework\boot\spring-boot-starter-jdbc\2.1.8.RELEASE\spring-boot-starter-jdbc-2.1.8.RELEASE.jar;F:\Maven\repository\com\zaxxer\HikariCP\3.2.0\HikariCP-3.2.0.jar;F:\Maven\repository\org\springframework\spring-jdbc\5.1.9.RELEASE\spring-jdbc-5.1.9.RELEASE.jar;F:\Maven\repository\org\springframework\data\spring-data-jdbc\1.0.10.RELEASE\spring-data-jdbc-1.0.10.RELEASE.jar;F:\Maven\repository\org\springframework\data\spring-data-commons\2.1.10.RELEASE\spring-data-commons-2.1.10.RELEASE.jar;F:\Maven\repository\org\springframework\spring-tx\5.1.9.RELEASE\spring-tx-5.1.9.RELEASE.jar;F:\Maven\repository\org\springframework\spring-context\5.1.9.RELEASE\spring-context-5.1.9.RELEASE.jar;F:\Maven\repository\org\springframework\spring-beans\5.1.9.RELEASE\spring-beans-5.1.9.RELEASE.jar;F:\Maven\repository\org\springframework\boot\spring-boot-starter-mail\2.1.8.RELEASE\spring-boot-starter-mail-2.1.8.RELEASE.jar;F:\Maven\repository\org\springframework\boot\spring-boot-starter\2.1.8.RELEASE\spring-boot-starter-2.1.8.RELEASE.jar;F:\Maven\repository\org\springframework\boot\spring-boot-starter-logging\2.1.8.RELEASE\spring-boot-starter-logging-2.1.8.RELEASE.jar;F:\Maven\repository\ch\qos\logback\logback-classic\1.2.3\logback-classic-1.2.3.jar;F:\Maven\repository\ch\qos\logback\logback-core\1.2.3\logback-core-1.2.3.jar;F:\Maven\repository\org\apache\logging\log4j\log4j-to-slf4j\2.11.2\log4j-to-slf4j-2.11.2.jar;F:\Maven\repository\org\apache\logging\log4j\log4j-api\2.11.2\log4j-api-2.11.2.jar;F:\Maven\repository\org\slf4j\jul-to-slf4j\1.7.28\jul-to-slf4j-1.7.28.jar;F:\Maven\repository\javax\annotation\javax.annotation-api\1.3.2\javax.annotation-api-1.3.2.jar;F:\Maven\repository\org\yaml\snakeyaml\1.23\snakeyaml-1.23.jar;F:\Maven\repository\org\springframework\spring-context-support\5.1.9.RELEASE\spring-context-support-5.1.9.RELEASE.jar;F:\Maven\repository\com\sun\mail\javax.mail\1.6.2\javax.mail-1.6.2.jar;F:\Maven\repository\javax\activation\activation\1.1\activation-1.1.jar;F:\Maven\repository\org\springframework\boot\spring-boot-starter-web\2.1.8.RELEASE\spring-boot-starter-web-2.1.8.RELEASE.jar;F:\Maven\repository\org\springframework\boot\spring-boot-starter-json\2.1.8.RELEASE\spring-boot-starter-json-2.1.8.RELEASE.jar;F:\Maven\repository\com\fasterxml\jackson\core\jackson-databind\2.9.9.3\jackson-databind-2.9.9.3.jar;F:\Maven\repository\com\fasterxml\jackson\core\jackson-core\2.9.9\jackson-core-2.9.9.jar;F:\Maven\repository\com\fasterxml\jackson\datatype\jackson-datatype-jdk8\2.9.9\jackson-datatype-jdk8-2.9.9.jar;F:\Maven\repository\com\fasterxml\jackson\datatype\jackson-datatype-jsr310\2.9.9\jackson-datatype-jsr310-2.9.9.jar;F:\Maven\repository\com\fasterxml\jackson\module\jackson-module-parameter-names\2.9.9\jackson-module-parameter-names-2.9.9.jar;F:\Maven\repository\org\springframework\boot\spring-boot-starter-tomcat\2.1.8.RELEASE\spring-boot-starter-tomcat-2.1.8.RELEASE.jar;F:\Maven\repository\org\apache\tomcat\embed\tomcat-embed-core\9.0.24\tomcat-embed-core-9.0.24.jar;F:\Maven\repository\org\apache\tomcat\embed\tomcat-embed-el\9.0.24\tomcat-embed-el-9.0.24.jar;F:\Maven\repository\org\apache\tomcat\embed\tomcat-embed-websocket\9.0.24\tomcat-embed-websocket-9.0.24.jar;F:\Maven\repository\org\hibernate\validator\hibernate-validator\6.0.17.Final\hibernate-validator-6.0.17.Final.jar;F:\Maven\repository\javax\validation\validation-api\2.0.1.Final\validation-api-2.0.1.Final.jar;F:\Maven\repository\org\jboss\logging\jboss-logging\3.3.3.Final\jboss-logging-3.3.3.Final.jar;F:\Maven\repository\org\springframework\spring-web\5.1.9.RELEASE\spring-web-5.1.9.RELEASE.jar;F:\Maven\repository\org\springframework\spring-webmvc\5.1.9.RELEASE\spring-webmvc-5.1.9.RELEASE.jar;F:\Maven\repository\org\springframework\spring-expression\5.1.9.RELEASE\spring-expression-5.1.9.RELEASE.jar;F:\Maven\repository\com\baomidou\mybatis-plus-boot-starter\3.2.0\mybatis-plus-boot-starter-3.2.0.jar;F:\Maven\repository\com\baomidou\mybatis-plus\3.2.0\mybatis-plus-3.2.0.jar;F:\Maven\repository\org\springframework\boot\spring-boot-autoconfigure\2.1.8.RELEASE\spring-boot-autoconfigure-2.1.8.RELEASE.jar;F:\Maven\repository\org\springframework\boot\spring-boot-starter-aop\2.1.8.RELEASE\spring-boot-starter-aop-2.1.8.RELEASE.jar;F:\Maven\repository\org\springframework\spring-aop\5.1.9.RELEASE\spring-aop-5.1.9.RELEASE.jar;F:\Maven\repository\org\aspectj\aspectjweaver\1.9.4\aspectjweaver-1.9.4.jar;F:\Maven\repository\org\springframework\boot\spring-boot-starter-data-redis\2.1.8.RELEASE\spring-boot-starter-data-redis-2.1.8.RELEASE.jar;F:\Maven\repository\org\springframework\data\spring-data-redis\2.1.10.RELEASE\spring-data-redis-2.1.10.RELEASE.jar;F:\Maven\repository\org\springframework\data\spring-data-keyvalue\2.1.10.RELEASE\spring-data-keyvalue-2.1.10.RELEASE.jar;F:\Maven\repository\org\springframework\spring-oxm\5.1.9.RELEASE\spring-oxm-5.1.9.RELEASE.jar;F:\Maven\repository\io\lettuce\lettuce-core\5.1.8.RELEASE\lettuce-core-5.1.8.RELEASE.jar;F:\Maven\repository\io\netty\netty-common\4.1.39.Final\netty-common-4.1.39.Final.jar;F:\Maven\repository\io\netty\netty-handler\4.1.39.Final\netty-handler-4.1.39.Final.jar;F:\Maven\repository\io\netty\netty-buffer\4.1.39.Final\netty-buffer-4.1.39.Final.jar;F:\Maven\repository\io\netty\netty-codec\4.1.39.Final\netty-codec-4.1.39.Final.jar;F:\Maven\repository\io\netty\netty-transport\4.1.39.Final\netty-transport-4.1.39.Final.jar;F:\Maven\repository\io\netty\netty-resolver\4.1.39.Final\netty-resolver-4.1.39.Final.jar;F:\Maven\repository\io\projectreactor\reactor-core\3.2.12.RELEASE\reactor-core-3.2.12.RELEASE.jar;F:\Maven\repository\org\reactivestreams\reactive-streams\1.0.3\reactive-streams-1.0.3.jar;F:\Maven\repository\org\springframework\boot\spring-boot-devtools\2.1.8.RELEASE\spring-boot-devtools-2.1.8.RELEASE.jar;F:\Maven\repository\org\springframework\boot\spring-boot\2.1.8.RELEASE\spring-boot-2.1.8.RELEASE.jar;F:\Maven\repository\mysql\mysql-connector-java\8.0.17\mysql-connector-java-8.0.17.jar;F:\Maven\repository\org\projectlombok\lombok\1.18.8\lombok-1.18.8.jar;F:\Maven\repository\org\springframework\boot\spring-boot-starter-test\2.1.8.RELEASE\spring-boot-starter-test-2.1.8.RELEASE.jar;F:\Maven\repository\org\springframework\boot\spring-boot-test\2.1.8.RELEASE\spring-boot-test-2.1.8.RELEASE.jar;F:\Maven\repository\org\springframework\boot\spring-boot-test-autoconfigure\2.1.8.RELEASE\spring-boot-test-autoconfigure-2.1.8.RELEASE.jar;F:\Maven\repository\com\jayway\jsonpath\json-path\2.4.0\json-path-2.4.0.jar;F:\Maven\repository\net\minidev\json-smart\2.3\json-smart-2.3.jar;F:\Maven\repository\net\minidev\accessors-smart\1.2\accessors-smart-1.2.jar;F:\Maven\repository\org\ow2\asm\asm\5.0.4\asm-5.0.4.jar;F:\Maven\repository\junit\junit\4.12\junit-4.12.jar;F:\Maven\repository\org\assertj\assertj-core\3.11.1\assertj-core-3.11.1.jar;F:\Maven\repository\org\mockito\mockito-core\2.23.4\mockito-core-2.23.4.jar;F:\Maven\repository\net\bytebuddy\byte-buddy\1.9.16\byte-buddy-1.9.16.jar;F:\Maven\repository\net\bytebuddy\byte-buddy-agent\1.9.16\byte-buddy-agent-1.9.16.jar;F:\Maven\repository\org\objenesis\objenesis\2.6\objenesis-2.6.jar;F:\Maven\repository\org\hamcrest\hamcrest-core\1.3\hamcrest-core-1.3.jar;F:\Maven\repository\org\hamcrest\hamcrest-library\1.3\hamcrest-library-1.3.jar;F:\Maven\repository\org\skyscreamer\jsonassert\1.5.0\jsonassert-1.5.0.jar;F:\Maven\repository\com\vaadin\external\google\android-json\0.0.20131108.vaadin1\android-json-0.0.20131108.vaadin1.jar;F:\Maven\repository\org\springframework\spring-core\5.1.9.RELEASE\spring-core-5.1.9.RELEASE.jar;F:\Maven\repository\org\springframework\spring-jcl\5.1.9.RELEASE\spring-jcl-5.1.9.RELEASE.jar;F:\Maven\repository\org\springframework\spring-test\5.1.9.RELEASE\spring-test-5.1.9.RELEASE.jar;F:\Maven\repository\org\xmlunit\xmlunit-core\2.6.3\xmlunit-core-2.6.3.jar;F:\Maven\repository\com\github\pagehelper\pagehelper-spring-boot-starter\1.2.12\pagehelper-spring-boot-starter-1.2.12.jar;F:\Maven\repository\org\mybatis\spring\boot\mybatis-spring-boot-starter\2.0.1\mybatis-spring-boot-starter-2.0.1.jar;F:\Maven\repository\org\mybatis\spring\boot\mybatis-spring-boot-autoconfigure\2.0.1\mybatis-spring-boot-autoconfigure-2.0.1.jar;F:\Maven\repository\org\mybatis\mybatis\3.5.1\mybatis-3.5.1.jar;F:\Maven\repository\com\github\pagehelper\pagehelper-spring-boot-autoconfigure\1.2.12\pagehelper-spring-boot-autoconfigure-1.2.12.jar;F:\Maven\repository\com\github\pagehelper\pagehelper\5.1.10\pagehelper-5.1.10.jar;F:\Maven\repository\com\github\jsqlparser\jsqlparser\2.0\jsqlparser-2.0.jar;F:\Maven\repository\org\apache\commons\commons-lang3\3.8.1\commons-lang3-3.8.1.jar;F:\Maven\repository\org\apache\poi\poi\4.0.1\poi-4.0.1.jar;F:\Maven\repository\commons-codec\commons-codec\1.11\commons-codec-1.11.jar;F:\Maven\repository\org\apache\commons\commons-collections4\4.2\commons-collections4-4.2.jar;F:\Maven\repository\org\apache\commons\commons-math3\3.6.1\commons-math3-3.6.1.jar;F:\Maven\repository\org\apache\poi\poi-ooxml\4.0.1\poi-ooxml-4.0.1.jar;F:\Maven\repository\org\apache\commons\commons-compress\1.18\commons-compress-1.18.jar;F:\Maven\repository\com\github\virtuald\curvesapi\1.05\curvesapi-1.05.jar;F:\Maven\repository\org\apache\poi\poi-ooxml-schemas\4.0.1\poi-ooxml-schemas-4.0.1.jar;F:\Maven\repository\org\apache\xmlbeans\xmlbeans\3.0.2\xmlbeans-3.0.2.jar;C:\Program Files\JAVA\jdk1.8.0_311\lib\tools.jar;F:\Maven\repository\cn\hutool\hutool-core\5.8.4.M1\hutool-core-5.8.4.M1.jar;F:\Maven\repository\org\apache\velocity\velocity-engine-core\2.1\velocity-engine-core-2.1.jar;F:\Maven\repository\org\slf4j\slf4j-api\1.7.28\slf4j-api-1.7.28.jar;F:\Maven\repository\org\apache\commons\commons-pool2\2.6.2\commons-pool2-2.6.2.jar;F:\Maven\repository\org\springframework\boot\spring-boot-starter-cache\2.1.8.RELEASE\spring-boot-starter-cache-2.1.8.RELEASE.jar;F:\Maven\repository\cn\hutool\hutool-all\5.8.2\hutool-all-5.8.2.jar;F:\Maven\repository\io\springfox\springfox-swagger-ui\2.8.0\springfox-swagger-ui-2.8.0.jar;F:\Maven\repository\io\springfox\springfox-spring-web\2.8.0\springfox-spring-web-2.8.0.jar;F:\Maven\repository\org\reflections\reflections\0.9.11\reflections-0.9.11.jar;F:\Maven\repository\org\javassist\javassist\3.21.0-GA\javassist-3.21.0-GA.jar;F:\Maven\repository\io\springfox\springfox-swagger2\2.8.0\springfox-swagger2-2.8.0.jar;F:\Maven\repository\io\swagger\swagger-annotations\1.5.14\swagger-annotations-1.5.14.jar;F:\Maven\repository\io\swagger\swagger-models\1.5.14\swagger-models-1.5.14.jar;F:\Maven\repository\com\fasterxml\jackson\core\jackson-annotations\2.9.0\jackson-annotations-2.9.0.jar;F:\Maven\repository\io\springfox\springfox-spi\2.8.0\springfox-spi-2.8.0.jar;F:\Maven\repository\io\springfox\springfox-core\2.8.0\springfox-core-2.8.0.jar;F:\Maven\repository\io\springfox\springfox-schema\2.8.0\springfox-schema-2.8.0.jar;F:\Maven\repository\io\springfox\springfox-swagger-common\2.8.0\springfox-swagger-common-2.8.0.jar;F:\Maven\repository\com\google\guava\guava\20.0\guava-20.0.jar;F:\Maven\repository\com\fasterxml\classmate\1.4.0\classmate-1.4.0.jar;F:\Maven\repository\org\springframework\plugin\spring-plugin-core\1.2.0.RELEASE\spring-plugin-core-1.2.0.RELEASE.jar;F:\Maven\repository\org\springframework\plugin\spring-plugin-metadata\1.2.0.RELEASE\spring-plugin-metadata-1.2.0.RELEASE.jar;F:\Maven\repository\org\mapstruct\mapstruct\1.2.0.Final\mapstruct-1.2.0.Final.jar;F:\Maven\repository\javax\xml\bind\jaxb-api\2.3.0\jaxb-api-2.3.0.jar;"/>
    <property name="sun.cpu.endian" value="little"/>
    <property name="user.home" value="C:\Users\86155"/>
    <property name="user.language" value="zh"/>
    <property name="java.specification.vendor" value="Oracle Corporation"/>
    <property name="java.home" value="C:\Program Files\JAVA\jdk1.8.0_311\jre"/>
    <property name="basedir" value="E:\我的桌面\donruan\neusoft-java\springbootapi\springbootapi"/>
    <property name="file.separator" value="\"/>
    <property name="line.separator" value="&#10;"/>
    <property name="java.vm.specification.vendor" value="Oracle Corporation"/>
    <property name="java.specification.name" value="Java Platform API Specification"/>
    <property name="java.awt.graphicsenv" value="sun.awt.Win32GraphicsEnvironment"/>
    <property name="surefire.real.class.path" value="C:\Users\86155\AppData\Local\Temp\surefire1505511689650365787\surefirebooter3903101296894298503.jar"/>
    <property name="sun.boot.class.path" value="C:\Program Files\JAVA\jdk1.8.0_311\jre\lib\resources.jar;C:\Program Files\JAVA\jdk1.8.0_311\jre\lib\rt.jar;C:\Program Files\JAVA\jdk1.8.0_311\jre\lib\sunrsasign.jar;C:\Program Files\JAVA\jdk1.8.0_311\jre\lib\jsse.jar;C:\Program Files\JAVA\jdk1.8.0_311\jre\lib\jce.jar;C:\Program Files\JAVA\jdk1.8.0_311\jre\lib\charsets.jar;C:\Program Files\JAVA\jdk1.8.0_311\jre\lib\jfr.jar;C:\Program Files\JAVA\jdk1.8.0_311\jre\classes"/>
    <property name="user.script" value=""/>
    <property name="sun.management.compiler" value="HotSpot 64-Bit Tiered Compilers"/>
    <property name="java.runtime.version" value="1.8.0_311-b11"/>
    <property name="user.name" value="86155"/>
    <property name="path.separator" value=";"/>
    <property name="os.version" value="10.0"/>
    <property name="java.endorsed.dirs" value="C:\Program Files\JAVA\jdk1.8.0_311\jre\lib\endorsed"/>
    <property name="java.runtime.name" value="Java(TM) SE Runtime Environment"/>
    <property name="file.encoding" value="GBK"/>
    <property name="java.vm.name" value="Java HotSpot(TM) 64-Bit Server VM"/>
    <property name="localRepository" value="F:\Maven\repository"/>
    <property name="java.vendor.url.bug" value="http://bugreport.sun.com/bugreport/"/>
    <property name="java.io.tmpdir" value="C:\Users\86155\AppData\Local\Temp\"/>
    <property name="idea.version" value="2022.1.4"/>
    <property name="java.version" value="1.8.0_311"/>
    <property name="user.dir" value="E:\我的桌面\donruan\neusoft-java\springbootapi\springbootapi"/>
    <property name="os.arch" value="amd64"/>
    <property name="java.vm.specification.name" value="Java Virtual Machine Specification"/>
    <property name="java.awt.printerjob" value="sun.awt.windows.WPrinterJob"/>
    <property name="sun.os.patch.level" value=""/>
    <property name="java.library.path" value="C:\Program Files\JAVA\jdk1.8.0_311\jre\bin;C:\WINDOWS\Sun\Java\bin;C:\WINDOWS\system32;C:\WINDOWS;C:\WINDOWS\system32\WBEM;D:\我的软件\VMware16\bin\;C:\WINDOWS\system32\WBEM;C:\WINDOWS\system32\WBEM;C:\WINDOWS\system32\WBEM;C:\WINDOWS\system32\WBEM;C:\Program Files (x86)\Common Files\Oracle\Java\javapath;C:\Program Files\Python36\Scripts\;C:\Program Files\Python36\;C:\Program Files (x86)\Python37-32\Scripts\;C:\Program Files (x86)\Python37-32\;D:\;en\facedemo3\opencv\build\x64\vc14\bin;C:\Program Files\Java\jdk-13.0.1\bin;C:\Program Files\Java\apache-maven-3.6.3\bin;C:\Program Files\NVIDIA Corporation\NVIDIA NvDLISR;C:\WINDOWS\system32;C:\WINDOWS;C:\WINDOWS\System32\Wbem;C:\WINDOWS\System32\WindowsPowerShell\v1.0\;C:\WINDOWS\System32\OpenSSH\;C:\Program Files\Microsoft SQL Server\Client SDK\ODBC\170\Tools\Binn\;F:\apache-maven-3.8.5\bin;C:\Program Files\dotnet\;D:\我的软件\GtkSharp\bin;D:\我的软件\git\Git\cmd;C:\Windows\System32;C:\Program Files\Java\jdk-13.0.1;D:\我的软件\PhpStorm\PhpStorm 2020.1.4\bin;C:\Users\86155\AppData\Local\Microsoft\WindowsApps;C:\Program Files\Azure Data Studio\bin;D:\我的软件\webstorm\WebStorm 2021.2.1\bin;C:\Users\86155\.dotnet\tools;D:\ren\opensore\opencv\build\x64\vc12\bin;C:\Users\86155\AppData\Roaming\Microsoft\Windows\Start Menu\Programs\Python 3.8;D:\我的软件\VSCode\Microsoft VS Code\bin;D:\我的软件\pycharm\PyCharm 2021.2.2\bin;D:\我的软件\idea\IntelliJ IDEA 2021.2.2\bin;C:\Program Files (x86)\NVIDIA Corporation\PhysX\Common;C:\WINDOWS\system32;C:\WINDOWS;C:\WINDOWS\System32\Wbem;C:\WINDOWS\System32\WindowsPowerShell\v1.0\;C:\WINDOWS\System32\OpenSSH\;D:\我的软件\tortoisegit\bin;C:\Program Files\TortoiseSVN\bin;D:\我的软件\nodejs\;D:\Redis-x64-3.2.100\;F:\java_software\MongoDB\Server\5.0\bin;C:\Windows\System32;F:\apache-maven-3.8.5\bin;C:\Program Files\Java\jdk-13.0.1;D:\我的软件\PhpStorm\PhpStorm 2020.1.4\bin;;C:\Users\86155\AppData\Local\Microsoft\WindowsApps;C:\Program Files\Azure Data Studio\bin;D:\我的软件\webstorm\WebStorm 2022.1.2\bin;;C:\Users\86155\.dotnet\tools;D:\ren\opensore\opencv\build\x64\vc12\bin;C:\Users\86155\AppData\Roaming\Microsoft\Windows\Start Menu\Programs\Python 3.8;D:\我的软件\VSCode\Microsoft VS Code\bin;D:\我的软件\pycharm\PyCharm 2021.2.2\bin;;D:\我的软件\idea\IntelliJ IDEA 2021.2.2\bin;;C:\Users\86155\AppData\Roaming\npm;F:\apache-maven-3.8.5\bin;;D:\我的软件\DataGrip\DataGrip 2022.1.2\bin;;."/>
    <property name="java.vm.info" value="mixed mode"/>
    <property name="java.vendor" value="Oracle Corporation"/>
    <property name="java.vm.version" value="25.311-b11"/>
    <property name="java.ext.dirs" value="C:\Program Files\JAVA\jdk1.8.0_311\jre\lib\ext;C:\WINDOWS\Sun\Java\lib\ext"/>
    <property name="sun.io.unicode.encoding" value="UnicodeLittle"/>
    <property name="java.class.version" value="52.0"/>
  </properties>
  <testcase name="contextLoads" classname="com.max.back.BackApplicationTests" time="0.309"/>
</testsuite>